[Info  - 3:33:16 PM] Initialising intelephense 1.3.11
[Info  - 3:33:16 PM] Reading state from /home/tux/.config/Code - OSS/User/workspaceStorage/4c7c8b5231648b701e7d96b772264861/bmewburn.vscode-intelephense-client/5df4d50e.
[Info  - 3:33:17 PM] Initialised in 1022 ms
[Info  - 3:33:17 PM] Indexing started.
[Info  - 3:33:17 PM] Indexing ended. 2 files indexed in 0s.
[Info  - 3:33:17 PM] Writing state to /home/tux/.config/Code - OSS/User/workspaceStorage/4c7c8b5231648b701e7d96b772264861/bmewburn.vscode-intelephense-client/5df4d50e.
[Info  - 3:33:19 PM] Wrote state in 1.6s.
[Info  - 3:35:10 PM] Indexing started.
[Info  - 3:35:10 PM] Indexing ended. 1 files indexed in 0s.
[Info  - 3:35:11 PM] Indexing started.
[Info  - 3:35:11 PM] Indexing ended. 1 files indexed in 0s.
[Info  - 3:49:31 PM] Indexing started.
[Info  - 3:49:32 PM] Indexing ended. 1 files indexed in 0s.
[Info  - 3:52:25 PM] Indexing started.
[Info  - 3:52:25 PM] Indexing ended. 1 files indexed in 0s.
[Info  - 3:53:46 PM] Indexing started.
[Info  - 3:53:46 PM] Indexing ended. 1 files indexed in 0s.
[Info  - 4:08:37 PM] Indexing started.
[Info  - 4:08:38 PM] Indexing ended. 1 files indexed in 0s.
[Info  - 4:09:23 PM] Indexing started.
[Info  - 4:09:23 PM] Indexing ended. 1 files indexed in 0s.
[Info  - 4:15:38 PM] Indexing started.
[Info  - 4:15:39 PM] Indexing ended. 1 files indexed in 0s.
[Info  - 4:18:46 PM] Indexing started.
[Info  - 4:18:46 PM] Indexing ended. 1 files indexed in 0s.
[Info  - 4:21:39 PM] Indexing started.
[Info  - 4:21:39 PM] Indexing ended. 1 files indexed in 0s.
[Info  - 4:22:12 PM] Indexing started.
[Info  - 4:22:12 PM] Indexing ended. 1 files indexed in 0s.
[Info  - 4:22:45 PM] Indexing started.
[Info  - 4:22:45 PM] Indexing ended. 1 files indexed in 0s.
[Info  - 4:23:34 PM] Indexing started.
[Info  - 4:23:34 PM] Indexing ended. 1 files indexed in 0s.
[Info  - 4:25:05 PM] Indexing started.
[Info  - 4:25:05 PM] Indexing ended. 1 files indexed in 0s.
[Info  - 4:26:19 PM] Indexing started.
[Info  - 4:26:19 PM] Indexing ended. 1 files indexed in 0s.
[Info  - 4:26:56 PM] Indexing started.
[Info  - 4:26:57 PM] Indexing ended. 1 files indexed in 0s.
[Info  - 4:28:11 PM] Indexing started.
[Info  - 4:28:11 PM] Indexing ended. 1 files indexed in 0s.
[Info  - 4:28:38 PM] Indexing started.
[Info  - 4:28:38 PM] Indexing ended. 1 files indexed in 0s.
[Info  - 4:29:40 PM] Indexing started.
[Info  - 4:29:40 PM] Indexing ended. 1 files indexed in 0s.
[Info  - 4:31:41 PM] Indexing started.
[Info  - 4:31:42 PM] Indexing ended. 1 files indexed in 0s.
[Info  - 4:32:11 PM] Indexing started.
[Info  - 4:32:11 PM] Indexing ended. 1 files indexed in 0s.
[Info  - 4:32:29 PM] Indexing started.
[Info  - 4:32:29 PM] Indexing ended. 1 files indexed in 0s.
[Info  - 4:35:51 PM] Indexing started.
[Info  - 4:35:52 PM] Indexing ended. 1 files indexed in 0s.
[Info  - 4:37:42 PM] Indexing started.
[Info  - 4:37:42 PM] Indexing ended. 1 files indexed in 0s.
[Info  - 4:40:30 PM] Indexing started.
[Info  - 4:40:30 PM] Indexing ended. 1 files indexed in 0s.
[Info  - 4:40:31 PM] Indexing started.
[Info  - 4:40:31 PM] Indexing ended. 3 files indexed in 0s.
[Info  - 4:41:56 PM] Indexing started.
[Info  - 4:41:56 PM] Indexing ended. 1 files indexed in 0s.
[Info  - 4:44:15 PM] Indexing started.
[Info  - 4:44:15 PM] Indexing ended. 1 files indexed in 0s.
[Info  - 4:45:02 PM] Indexing started.
[Info  - 4:45:02 PM] Indexing ended. 1 files indexed in 0s.
[Info  - 4:45:22 PM] Indexing started.
[Info  - 4:45:22 PM] Indexing ended. 1 files indexed in 0s.
[Info  - 4:45:48 PM] Indexing started.
[Info  - 4:45:48 PM] Indexing ended. 1 files indexed in 0s.
[Info  - 4:53:30 PM] Indexing started.
[Info  - 4:53:30 PM] Indexing ended. 1 files indexed in 0s.
[Info  - 4:53:40 PM] Indexing started.
[Info  - 4:53:41 PM] Indexing ended. 1 files indexed in 0s.
[Info  - 5:07:08 PM] Indexing started.
[Info  - 5:07:08 PM] Indexing ended. 1 files indexed in 0s.
[Info  - 5:07:19 PM] Indexing started.
[Info  - 5:07:19 PM] Indexing ended. 1 files indexed in 0s.
[Info  - 5:07:25 PM] Indexing started.
[Info  - 5:07:26 PM] Indexing ended. 1 files indexed in 0s.
[Info  - 5:15:43 PM] Indexing started.
[Info  - 5:15:43 PM] Indexing ended. 1 files indexed in 0s.
[Info  - 5:16:01 PM] Indexing started.
[Info  - 5:16:02 PM] Indexing ended. 1 files indexed in 0s.
[Info  - 5:16:25 PM] Indexing started.
[Info  - 5:16:25 PM] Indexing ended. 1 files indexed in 0s.
[Info  - 5:18:32 PM] Indexing started.
[Info  - 5:18:32 PM] Indexing ended. 1 files indexed in 0s.
[Info  - 5:19:01 PM] Indexing started.
[Info  - 5:19:01 PM] Indexing ended. 1 files indexed in 0s.
[Info  - 5:19:24 PM] Indexing started.
[Info  - 5:19:24 PM] Indexing ended. 1 files indexed in 0s.
[Info  - 5:19:34 PM] Indexing started.
[Info  - 5:19:34 PM] Indexing ended. 1 files indexed in 0s.
[Info  - 5:22:27 PM] Indexing started.
[Info  - 5:22:27 PM] Indexing ended. 1 files indexed in 0s.
[Info  - 5:31:08 PM] Indexing started.
[Info  - 5:31:08 PM] Indexing ended. 1 files indexed in 0s.
[Info  - 5:35:11 PM] Indexing started.
[Info  - 5:35:11 PM] Indexing ended. 1 files indexed in 0s.
[Info  - 5:39:12 PM] Indexing started.
[Info  - 5:39:12 PM] Indexing ended. 1 files indexed in 0s.
[Info  - 5:41:22 PM] Indexing started.
[Info  - 5:41:22 PM] Indexing ended. 1 files indexed in 0s.
[Info  - 5:41:28 PM] Indexing started.
[Info  - 5:41:28 PM] Indexing ended. 1 files indexed in 0s.
[Info  - 5:45:07 PM] Indexing started.
[Info  - 5:45:07 PM] Indexing ended. 1 files indexed in 0s.
[Info  - 5:45:59 PM] Indexing started.
[Info  - 5:46:00 PM] Indexing ended. 1 files indexed in 0s.
[Info  - 5:48:10 PM] Indexing started.
[Info  - 5:48:11 PM] Indexing ended. 1 files indexed in 0s.
[Info  - 5:50:01 PM] Indexing started.
[Info  - 5:50:01 PM] Indexing ended. 1 files indexed in 0s.
[Info  - 5:50:35 PM] Indexing started.
[Info  - 5:50:35 PM] Indexing ended. 1 files indexed in 0s.
[Info  - 5:51:15 PM] Indexing started.
[Info  - 5:51:15 PM] Indexing ended. 1 files indexed in 0s.
[Info  - 5:52:09 PM] Indexing started.
[Info  - 5:52:09 PM] Indexing ended. 1 files indexed in 0s.
[Info  - 6:00:38 PM] Indexing started.
[Info  - 6:00:39 PM] Indexing ended. 1 files indexed in 0s.
[Info  - 6:03:36 PM] Indexing started.
[Info  - 6:03:36 PM] Indexing ended. 1 files indexed in 0s.
[Info  - 6:21:32 PM] Indexing started.
[Info  - 6:21:32 PM] Indexing ended. 1 files indexed in 0s.
[Info  - 6:21:55 PM] Indexing started.
[Info  - 6:21:55 PM] Indexing ended. 1 files indexed in 0s.
[Info  - 6:30:53 PM] Indexing started.
[Info  - 6:30:53 PM] Indexing ended. 1 files indexed in 0s.
[Info  - 6:30:56 PM] Indexing started.
[Info  - 6:30:56 PM] Indexing ended. 1 files indexed in 0s.
[Info  - 6:31:04 PM] Indexing started.
[Info  - 6:31:04 PM] Indexing ended. 1 files indexed in 0s.
[Info  - 6:33:10 PM] Indexing started.
[Info  - 6:33:11 PM] Indexing ended. 1 files indexed in 0s.
[Info  - 6:35:29 PM] Indexing started.
[Info  - 6:35:29 PM] Indexing ended. 1 files indexed in 0s.
[Info  - 6:37:22 PM] Indexing started.
[Info  - 6:37:22 PM] Indexing ended. 1 files indexed in 0s.
[Info  - 6:42:52 PM] Indexing started.
[Info  - 6:42:53 PM] Indexing ended. 1 files indexed in 0s.
[Info  - 6:48:26 PM] Indexing started.
[Info  - 6:48:26 PM] Indexing ended. 1 files indexed in 0s.
[Info  - 6:49:13 PM] Indexing started.
[Info  - 6:49:13 PM] Indexing ended. 1 files indexed in 0s.
[Info  - 6:49:17 PM] Indexing started.
[Info  - 6:49:17 PM] Indexing ended. 1 files indexed in 0s.
[Info  - 6:50:10 PM] Indexing started.
[Info  - 6:50:11 PM] Indexing ended. 1 files indexed in 0s.
[Info  - 6:52:27 PM] Indexing started.
[Info  - 6:52:28 PM] Indexing ended. 1 files indexed in 0s.
[Info  - 6:52:56 PM] Indexing started.
[Info  - 6:52:56 PM] Indexing ended. 1 files indexed in 0s.
[Info  - 6:56:01 PM] Indexing started.
[Info  - 6:56:02 PM] Indexing ended. 1 files indexed in 0s.
[Info  - 6:56:12 PM] Indexing started.
[Info  - 6:56:12 PM] Indexing ended. 1 files indexed in 0s.
